
Jul 05, 2022 11:40:57.250 NEW SESSION
Jul 05, 2022 11:40:57.250 ATTENTION: default value of option mesa_glthread overridden by environment.
Jul 05, 2022 11:40:57.256 ATTENTION: default value of option mesa_glthread overridden by environment.
Jul 05, 2022 11:40:57.285 ATTENTION: default value of option mesa_glthread overridden by environment.
Jul 05, 2022 11:40:57.338 ATTENTION: default value of option mesa_glthread overridden by environment.
Jul 05, 2022 11:40:58.85 ATTENTION: default value of option mesa_glthread overridden by environment.
Jul 05, 2022 11:40:58.93 ATTENTION: default value of option mesa_glthread overridden by environment.
Jul 05, 2022 11:40:58.121 ATTENTION: default value of option mesa_glthread overridden by environment.
Jul 05, 2022 11:40:58.171 ATTENTION: default value of option mesa_glthread overridden by environment.
Jul 05, 2022 11:40:59.831 Missing chrome or resource URL: resource://gre/modules/UpdateListener.jsm
Jul 05, 2022 15:17:30.519 Missing chrome or resource URL: resource://gre/modules/UpdateListener.jsm
Jul 05, 2022 15:17:30.637 
Jul 05, 2022 15:17:30.637 ###!!! [Parent][PImageBridgeParent] Error: RunMessage(msgname=PImageBridge::Msg_WillClose) Channel closing: too late to send/recv, messages will be lost
Jul 05, 2022 15:17:30.637 
Jul 05, 2022 15:27:17.10 ATTENTION: default value of option mesa_glthread overridden by environment.
Jul 05, 2022 15:27:17.18 ATTENTION: default value of option mesa_glthread overridden by environment.
Jul 05, 2022 15:27:17.45 ATTENTION: default value of option mesa_glthread overridden by environment.
Jul 05, 2022 15:27:17.107 ATTENTION: default value of option mesa_glthread overridden by environment.
Jul 05, 2022 15:27:17.749 ATTENTION: default value of option mesa_glthread overridden by environment.
Jul 05, 2022 15:27:17.756 ATTENTION: default value of option mesa_glthread overridden by environment.
Jul 05, 2022 15:27:17.783 ATTENTION: default value of option mesa_glthread overridden by environment.
Jul 05, 2022 15:27:17.835 ATTENTION: default value of option mesa_glthread overridden by environment.
Jul 05, 2022 15:27:18.777 Missing chrome or resource URL: resource://gre/modules/UpdateListener.jsm
Jul 05, 2022 16:20:43.922 Missing chrome or resource URL: resource://gre/modules/UpdateListener.jsm
Jul 05, 2022 16:20:44.66 
Jul 05, 2022 16:20:44.67 ###!!! [Parent][PImageBridgeParent] Error: RunMessage(msgname=PImageBridge::Msg_WillClose) Channel closing: too late to send/recv, messages will be lost
Jul 05, 2022 16:20:44.67 

Jul 05, 2022 16:46:44.12 NEW SESSION
Jul 05, 2022 16:46:44.12 ATTENTION: default value of option mesa_glthread overridden by environment.
Jul 05, 2022 16:46:44.18 ATTENTION: default value of option mesa_glthread overridden by environment.
Jul 05, 2022 16:46:44.45 ATTENTION: default value of option mesa_glthread overridden by environment.
Jul 05, 2022 16:46:44.97 ATTENTION: default value of option mesa_glthread overridden by environment.
Jul 05, 2022 16:46:44.737 ATTENTION: default value of option mesa_glthread overridden by environment.
Jul 05, 2022 16:46:44.744 ATTENTION: default value of option mesa_glthread overridden by environment.
Jul 05, 2022 16:46:44.770 ATTENTION: default value of option mesa_glthread overridden by environment.
Jul 05, 2022 16:46:44.823 ATTENTION: default value of option mesa_glthread overridden by environment.
Jul 05, 2022 16:46:45.634 Missing chrome or resource URL: resource://gre/modules/UpdateListener.jsm
Jul 05, 2022 19:10:48.525 Missing chrome or resource URL: resource://gre/modules/UpdateListener.jsm

Jul 08, 2022 09:46:51.469 NEW SESSION
Jul 08, 2022 09:46:51.469 ATTENTION: default value of option mesa_glthread overridden by environment.
Jul 08, 2022 09:46:51.476 ATTENTION: default value of option mesa_glthread overridden by environment.
Jul 08, 2022 09:46:51.502 ATTENTION: default value of option mesa_glthread overridden by environment.
Jul 08, 2022 09:46:51.562 ATTENTION: default value of option mesa_glthread overridden by environment.
Jul 08, 2022 09:46:52.285 ATTENTION: default value of option mesa_glthread overridden by environment.
Jul 08, 2022 09:46:52.293 ATTENTION: default value of option mesa_glthread overridden by environment.
Jul 08, 2022 09:46:52.319 ATTENTION: default value of option mesa_glthread overridden by environment.
Jul 08, 2022 09:46:52.368 ATTENTION: default value of option mesa_glthread overridden by environment.
Jul 08, 2022 09:46:53.662 Missing chrome or resource URL: resource://gre/modules/UpdateListener.jsm
Jul 08, 2022 09:46:53.663 Missing chrome or resource URL: resource://gre/modules/UpdateListener.sys.mjs
Jul 08, 2022 13:38:29.595 Missing chrome or resource URL: resource://gre/modules/UpdateListener.jsm
Jul 08, 2022 13:38:29.596 Missing chrome or resource URL: resource://gre/modules/UpdateListener.sys.mjs
Jul 08, 2022 13:38:29.762 Sandbox: Unexpected EOF, op 0 flags 00 path /proc/cpuinfo

Jul 08, 2022 16:22:10.544 NEW SESSION
Jul 08, 2022 16:22:10.544 ATTENTION: default value of option mesa_glthread overridden by environment.
Jul 08, 2022 16:22:10.550 ATTENTION: default value of option mesa_glthread overridden by environment.
Jul 08, 2022 16:22:10.577 ATTENTION: default value of option mesa_glthread overridden by environment.
Jul 08, 2022 16:22:10.624 ATTENTION: default value of option mesa_glthread overridden by environment.
Jul 08, 2022 16:22:11.188 ATTENTION: default value of option mesa_glthread overridden by environment.
Jul 08, 2022 16:22:11.199 ATTENTION: default value of option mesa_glthread overridden by environment.
Jul 08, 2022 16:22:11.226 ATTENTION: default value of option mesa_glthread overridden by environment.
Jul 08, 2022 16:22:11.271 ATTENTION: default value of option mesa_glthread overridden by environment.
Jul 08, 2022 16:22:12.281 Missing chrome or resource URL: resource://gre/modules/UpdateListener.jsm
Jul 08, 2022 16:22:12.281 Missing chrome or resource URL: resource://gre/modules/UpdateListener.sys.mjs
Jul 08, 2022 16:22:14.530 Missing chrome or resource URL: resource://gre/modules/UpdateListener.jsm
Jul 08, 2022 16:22:14.531 Missing chrome or resource URL: resource://gre/modules/UpdateListener.sys.mjs

Jul 11, 2022 12:51:39.426 NEW SESSION
Jul 11, 2022 12:51:39.426 ATTENTION: default value of option mesa_glthread overridden by environment.
Jul 11, 2022 12:51:39.434 ATTENTION: default value of option mesa_glthread overridden by environment.
Jul 11, 2022 12:51:39.461 ATTENTION: default value of option mesa_glthread overridden by environment.
Jul 11, 2022 12:51:39.525 ATTENTION: default value of option mesa_glthread overridden by environment.
Jul 11, 2022 12:51:40.221 ATTENTION: default value of option mesa_glthread overridden by environment.
Jul 11, 2022 12:51:40.228 ATTENTION: default value of option mesa_glthread overridden by environment.
Jul 11, 2022 12:51:40.254 ATTENTION: default value of option mesa_glthread overridden by environment.
Jul 11, 2022 12:51:40.306 ATTENTION: default value of option mesa_glthread overridden by environment.
Jul 11, 2022 12:51:41.340 Missing chrome or resource URL: resource://gre/modules/UpdateListener.jsm
Jul 11, 2022 12:51:41.340 Missing chrome or resource URL: resource://gre/modules/UpdateListener.sys.mjs
Jul 11, 2022 13:04:28.522 Missing chrome or resource URL: resource://gre/modules/UpdateListener.jsm
Jul 11, 2022 13:04:28.523 Missing chrome or resource URL: resource://gre/modules/UpdateListener.sys.mjs
Jul 11, 2022 13:04:33.256 ATTENTION: default value of option mesa_glthread overridden by environment.
Jul 11, 2022 13:04:33.263 ATTENTION: default value of option mesa_glthread overridden by environment.
Jul 11, 2022 13:04:33.291 ATTENTION: default value of option mesa_glthread overridden by environment.
Jul 11, 2022 13:04:33.341 ATTENTION: default value of option mesa_glthread overridden by environment.
Jul 11, 2022 13:04:33.998 ATTENTION: default value of option mesa_glthread overridden by environment.
Jul 11, 2022 13:04:34.05 ATTENTION: default value of option mesa_glthread overridden by environment.
Jul 11, 2022 13:04:34.31 ATTENTION: default value of option mesa_glthread overridden by environment.
Jul 11, 2022 13:04:34.82 ATTENTION: default value of option mesa_glthread overridden by environment.
Jul 11, 2022 13:04:34.966 Missing chrome or resource URL: resource://gre/modules/UpdateListener.jsm
Jul 11, 2022 13:04:34.966 Missing chrome or resource URL: resource://gre/modules/UpdateListener.sys.mjs
Jul 11, 2022 13:29:18.197 Missing chrome or resource URL: resource://gre/modules/UpdateListener.jsm
Jul 11, 2022 13:29:18.197 Missing chrome or resource URL: resource://gre/modules/UpdateListener.sys.mjs
